Using pre-set license
Built from '2021.3/staging' branch; Version is '2021.3.1f1 (3b70a0754835) revision 3895456'; Using compiler version '192829333'; Build Type 'Release'
OS: 'Windows 10  (10.0.19044) 64bit Core' Language: 'ko' Physical Memory: 32706 MB
BatchMode: 1, IsHumanControllingUs: 0, StartBugReporterOnCrash: 0, Is64bit: 1, IsPro: 1

COMMAND LINE ARGUMENTS:
D:\unity\2021.3.1f1\Editor\Unity.exe
-adb2
-batchMode
-noUpm
-name
AssetImportWorker2
-projectPath
C:/Users/tjdql/Desktop/유니티/빌런,여름이였다/Villain-it-was-summer-Project
-logFile
Logs/AssetImportWorker2.log
-srvPort
63263
Successfully changed project path to: C:/Users/tjdql/Desktop/유니티/빌런,여름이였다/Villain-it-was-summer-Project
C:/Users/tjdql/Desktop/유니티/빌런,여름이였다/Villain-it-was-summer-Project
[UnityMemory] Configuration Parameters - Can be set up in boot.config
    "memorysetup-bucket-allocator-granularity=16"
    "memorysetup-bucket-allocator-bucket-count=8"
    "memorysetup-bucket-allocator-block-size=33554432"
    "memorysetup-bucket-allocator-block-count=8"
    "memorysetup-main-allocator-block-size=16777216"
    "memorysetup-thread-allocator-block-size=16777216"
    "memorysetup-gfx-main-allocator-block-size=16777216"
    "memorysetup-gfx-thread-allocator-block-size=16777216"
    "memorysetup-cache-allocator-block-size=4194304"
    "memorysetup-typetree-allocator-block-size=2097152"
    "memorysetup-profiler-bucket-allocator-granularity=16"
    "memorysetup-profiler-bucket-allocator-bucket-count=8"
    "memorysetup-profiler-bucket-allocator-block-size=33554432"
    "memorysetup-profiler-bucket-allocator-block-count=8"
    "memorysetup-profiler-allocator-block-size=16777216"
    "memorysetup-profiler-editor-allocator-block-size=1048576"
    "memorysetup-temp-allocator-size-main=16777216"
    "memorysetup-job-temp-allocator-block-size=2097152"
    "memorysetup-job-temp-allocator-block-size-background=1048576"
    "memorysetup-job-temp-allocator-reduction-small-platforms=262144"
    "memorysetup-temp-allocator-size-background-worker=32768"
    "memorysetup-temp-allocator-size-job-worker=262144"
    "memorysetup-temp-allocator-size-preload-manager=33554432"
    "memorysetup-temp-allocator-size-nav-mesh-worker=65536"
    "memorysetup-temp-allocator-size-audio-worker=65536"
    "memorysetup-temp-allocator-size-cloud-worker=32768"
    "memorysetup-temp-allocator-size-gi-baking-worker=262144"
    "memorysetup-temp-allocator-size-gfx=262144"
Refreshing native plugins compatible for Editor in 74.37 ms, found 3 plugins.
Preloading 0 native plugins for Editor in 0.00 ms.
Initialize engine version: 2021.3.1f1 (3b70a0754835)
[Subsystems] Discovering subsystems at path D:/unity/2021.3.1f1/Editor/Data/Resources/UnitySubsystems
[Subsystems] Discovering subsystems at path C:/Users/tjdql/Desktop/유니티/빌런,여름이였다/Villain-it-was-summer-Project/Assets
GfxDevice: creating device client; threaded=0; jobified=0
Direct3D:
    Version:  Direct3D 11.0 [level 11.1]
    Renderer: NVIDIA GeForce RTX 3080 (ID=0x2206)
    Vendor:   NVIDIA
    VRAM:     10078 MB
    Driver:   30.0.15.1123
Initialize mono
Mono path[0] = 'D:/unity/2021.3.1f1/Editor/Data/Managed'
Mono path[1] = 'D:/unity/2021.3.1f1/Editor/Data/MonoBleedingEdge/lib/mono/unityjit-win32'
Mono config path = 'D:/unity/2021.3.1f1/Editor/Data/MonoBleedingEdge/etc'
Using monoOptions --debugger-agent=transport=dt_socket,embedding=1,server=y,suspend=n,address=127.0.0.1:56020
Begin MonoManager ReloadAssembly
Registering precompiled unity dll's ...
Register platform support module: D:/unity/2021.3.1f1/Editor/Data/PlaybackEngines/AndroidPlayer/UnityEditor.Android.Extensions.dll
Register platform support module: D:/unity/2021.3.1f1/Editor/Data/PlaybackEngines/WindowsStandaloneSupport/UnityEditor.WindowsStandalone.Extensions.dll
Registered in 0.005186 seconds.
Native extension for WindowsStandalone target not found
Native extension for Android target not found
Refreshing native plugins compatible for Editor in 76.10 ms, found 3 plugins.
Preloading 0 native plugins for Editor in 0.00 ms.
Mono: successfully reloaded assembly
- Completed reload, in  0.766 seconds
Domain Reload Profiling:
	ReloadAssembly (766ms)
		BeginReloadAssembly (90ms)
			ExecutionOrderSort (0ms)
			DisableScriptedObjects (0ms)
			BackupInstance (0ms)
			ReleaseScriptingObjects (0ms)
			CreateAndSetChildDomain (1ms)
		EndReloadAssembly (527ms)
			LoadAssemblies (90ms)
			RebuildTransferFunctionScriptingTraits (0ms)
			SetupTypeCache (156ms)
			ReleaseScriptCaches (0ms)
			RebuildScriptCaches (29ms)
			SetupLoadedEditorAssemblies (282ms)
				LogAssemblyErrors (0ms)
				InitializePlatformSupportModulesInManaged (51ms)
				SetLoadedEditorAssemblies (0ms)
				RefreshPlugins (76ms)
				BeforeProcessingInitializeOnLoad (1ms)
				ProcessInitializeOnLoadAttributes (102ms)
				ProcessInitializeOnLoadMethodAttributes (51ms)
				AfterProcessingInitializeOnLoad (0ms)
				EditorAssembliesLoaded (0ms)
			ExecutionOrderSort2 (0ms)
			AwakeInstancesAfterBackupRestoration (0ms)
Platform modules already initialized, skipping
Registering precompiled user dll's ...
Registered in 0.005076 seconds.
Begin MonoManager ReloadAssembly
Symbol file LoadedFromMemory doesn't match image C:\Users\tjdql\Desktop\유니티\빌런,여름이였다\Villain-it-was-summer-Project\Library\PackageCache\com.unity.visualscripting@1.7.6\Editor\VisualScripting.Core\Dependencies\YamlDotNet\Unity.VisualScripting.YamlDotNet.dll
Symbol file LoadedFromMemory is not a mono symbol file
Symbol file LoadedFromMemory doesn't match image C:\Users\tjdql\Desktop\유니티\빌런,여름이였다\Villain-it-was-summer-Project\Library\PackageCache\com.unity.visualscripting@1.7.6\Editor\VisualScripting.Core\Dependencies\DotNetZip\Unity.VisualScripting.IonicZip.dll
Native extension for WindowsStandalone target not found
Native extension for Android target not found
Refreshing native plugins compatible for Editor in 0.70 ms, found 3 plugins.
Preloading 0 native plugins for Editor in 0.00 ms.
Mono: successfully reloaded assembly
- Completed reload, in  1.486 seconds
Domain Reload Profiling:
	ReloadAssembly (1488ms)
		BeginReloadAssembly (270ms)
			ExecutionOrderSort (0ms)
			DisableScriptedObjects (8ms)
			BackupInstance (0ms)
			ReleaseScriptingObjects (0ms)
			CreateAndSetChildDomain (143ms)
		EndReloadAssembly (1079ms)
			LoadAssemblies (129ms)
			RebuildTransferFunctionScriptingTraits (0ms)
			SetupTypeCache (342ms)
			ReleaseScriptCaches (1ms)
			RebuildScriptCaches (80ms)
			SetupLoadedEditorAssemblies (480ms)
				LogAssemblyErrors (0ms)
				InitializePlatformSupportModulesInManaged (16ms)
				SetLoadedEditorAssemblies (1ms)
				RefreshPlugins (1ms)
				BeforeProcessingInitializeOnLoad (87ms)
				ProcessInitializeOnLoadAttributes (317ms)
				ProcessInitializeOnLoadMethodAttributes (55ms)
				AfterProcessingInitializeOnLoad (3ms)
				EditorAssembliesLoaded (0ms)
			ExecutionOrderSort2 (0ms)
			AwakeInstancesAfterBackupRestoration (15ms)
Platform modules already initialized, skipping
========================================================================
Worker process is ready to serve import requests
Launched and connected shader compiler UnityShaderCompiler.exe after 0.09 seconds
Refreshing native plugins compatible for Editor in 1.40 ms, found 3 plugins.
Preloading 0 native plugins for Editor in 0.00 ms.
Unloading 3216 Unused Serialized files (Serialized files now loaded: 0)
Unloading 24 unused Assets / (56.2 KB). Loaded Objects now: 3692.
Memory consumption went from 189.8 MB to 189.7 MB.
Total: 4.097800 ms (FindLiveObjects: 0.477400 ms CreateObjectMapping: 0.660200 ms MarkObjects: 2.864800 ms  DeleteObjects: 0.094300 ms)

AssetImportParameters requested are different than current active one (requested -> active):
  custom:video-decoder-ogg-theora: a1e56fd34408186e4bbccfd4996cb3dc -> 
  custom:container-muxer-webm: aa71ff27fc2769a1b78a27578f13a17b -> 
  custom:container-demuxer-webm: 4f35f7cbe854078d1ac9338744f61a02 -> 
  custom:video-encoder-webm-vp8: eb34c28f22e8b96e1ab97ce403110664 -> 
  custom:audio-encoder-webm-vorbis: bf7c407c2cedff20999df2af8eb42d56 -> 
  custom:framework-win-MediaFoundation: 216162199b28c13a410421893ffa2e32 -> 
  custom:container-demuxer-ogg: 62fdf1f143b41e24485cea50d1cbac27 -> 
  custom:video-decoder-webm-vp8: 9c59270c3fd7afecdb556c50c9e8de78 -> 
  custom:audio-decoder-ogg-vorbis: bf7c407c2cedff20999df2af8eb42d56 -> 
========================================================================
Received Import Request.
  Time since last request: 6721.773392 seconds.
  path: Assets/SPUM/SPUM_Sprites/BodySource/Species/1_Elf/Eye/Eye1.png
  artifactKey: Guid(a9710c906025b4422b6ad27748bee9c6) Importer(815301076,1909f56bfc062723c751e8b465ee728b)
Start importing Assets/SPUM/SPUM_Sprites/BodySource/Species/1_Elf/Eye/Eye1.png using Guid(a9710c906025b4422b6ad27748bee9c6) Importer(815301076,1909f56bfc062723c751e8b465ee728b)  -> (artifact id: 'f04acce1117fd44088c6c7520ae93d9c') in 0.183713 seconds 
========================================================================
Received Import Request.
  Time since last request: 0.000018 seconds.
  path: Assets/SPUM/SPUM_Sprites/Packages/Ver300/0_Hair/New_Hair_16.png
  artifactKey: Guid(a0738f9b6fc444146ae1b68541e000f5) Importer(815301076,1909f56bfc062723c751e8b465ee728b)
Start importing Assets/SPUM/SPUM_Sprites/Packages/Ver300/0_Hair/New_Hair_16.png using Guid(a0738f9b6fc444146ae1b68541e000f5) Importer(815301076,1909f56bfc062723c751e8b465ee728b)  -> (artifact id: '9f9fd10df63f025c8926aa194e5272c0') in 0.020763 seconds 
========================================================================
Received Import Request.
  Time since last request: 0.000025 seconds.
  path: Assets/Resources/SPUM/SPUM_Sprites/Packages/Ver300/5_Armor/New_Armor_12.png
  artifactKey: Guid(1be274211892b9d47b20a82f2fad2352) Importer(815301076,1909f56bfc062723c751e8b465ee728b)
Start importing Assets/Resources/SPUM/SPUM_Sprites/Packages/Ver300/5_Armor/New_Armor_12.png using Guid(1be274211892b9d47b20a82f2fad2352) Importer(815301076,1909f56bfc062723c751e8b465ee728b)  -> (artifact id: 'd5cbe2d3dee07aa4814aac2025856aa9') in 0.015880 seconds 
========================================================================
Received Import Request.
  Time since last request: 0.000030 seconds.
  path: Assets/SPUM/SPUM_Sprites/BodySource/Species/2_Devil/Devil_1.png
  artifactKey: Guid(9dbef0fdede574b5fad7cc4a7adcda48) Importer(815301076,1909f56bfc062723c751e8b465ee728b)
Start importing Assets/SPUM/SPUM_Sprites/BodySource/Species/2_Devil/Devil_1.png using Guid(9dbef0fdede574b5fad7cc4a7adcda48) Importer(815301076,1909f56bfc062723c751e8b465ee728b)  -> (artifact id: 'ac7c46ec28e8d40e113ba3e093720c7a') in 0.047384 seconds 
========================================================================
Received Import Request.
  Time since last request: 0.000032 seconds.
  path: Assets/SPUM/SPUM_Sprites/Packages/Ver121/6_Weapons/WoodShield4.png
  artifactKey: Guid(119fb0b286335eb40b5bccd74e1df90d) Importer(815301076,1909f56bfc062723c751e8b465ee728b)
Start importing Assets/SPUM/SPUM_Sprites/Packages/Ver121/6_Weapons/WoodShield4.png using Guid(119fb0b286335eb40b5bccd74e1df90d) Importer(815301076,1909f56bfc062723c751e8b465ee728b)  -> (artifact id: '8d97bbe8398f769fc98213b79258f1d1') in 0.024948 seconds 
========================================================================
Received Import Request.
  Time since last request: 0.000032 seconds.
  path: Assets/Resources/SPUM/SPUM_Sprites/Packages/Ver300/5_Armor/New_Armor_08.png
  artifactKey: Guid(2482cef7aa615bb4eb5b12360af9e545) Importer(815301076,1909f56bfc062723c751e8b465ee728b)
Start importing Assets/Resources/SPUM/SPUM_Sprites/Packages/Ver300/5_Armor/New_Armor_08.png using Guid(2482cef7aa615bb4eb5b12360af9e545) Importer(815301076,1909f56bfc062723c751e8b465ee728b)  -> (artifact id: '3bf003e0c0b61d228e4fb38dce5003bf') in 0.028739 seconds 
========================================================================
Received Import Request.
  Time since last request: 0.000020 seconds.
  path: Assets/Resources/SPUM/SPUM_Sprites/Items/4_Helmet/Helmet_5.png
  artifactKey: Guid(76906354fd643e84490a741f363b57fa) Importer(815301076,1909f56bfc062723c751e8b465ee728b)
Start importing Assets/Resources/SPUM/SPUM_Sprites/Items/4_Helmet/Helmet_5.png using Guid(76906354fd643e84490a741f363b57fa) Importer(815301076,1909f56bfc062723c751e8b465ee728b)  -> (artifact id: '78b59352ac57f9f823ec944951ebebd8') in 0.029280 seconds 
========================================================================
Received Import Request.
  Time since last request: 0.000047 seconds.
  path: Assets/SPUM/SPUM_Sprites/Packages/Ver300/2_Cloth/New_Cloth_02.png
  artifactKey: Guid(d1bc3ad920b0d41c5b5d8aff14f0dee9) Importer(815301076,1909f56bfc062723c751e8b465ee728b)
Start importing Assets/SPUM/SPUM_Sprites/Packages/Ver300/2_Cloth/New_Cloth_02.png using Guid(d1bc3ad920b0d41c5b5d8aff14f0dee9) Importer(815301076,1909f56bfc062723c751e8b465ee728b)  -> (artifact id: '645b325c41909cda7abe758fd8607d2f') in 0.024018 seconds 
========================================================================
Received Import Request.
  Time since last request: 0.000021 seconds.
  path: Assets/SPUM/SPUM_Sprites/Packages/Ver300/6_Weapons/New_Weapon_14.png
  artifactKey: Guid(d9e76854390974b5aa6d9ba973659387) Importer(815301076,1909f56bfc062723c751e8b465ee728b)
Start importing Assets/SPUM/SPUM_Sprites/Packages/Ver300/6_Weapons/New_Weapon_14.png using Guid(d9e76854390974b5aa6d9ba973659387) Importer(815301076,1909f56bfc062723c751e8b465ee728b)  -> (artifact id: 'a9902382da4a166b04d95d69168532bc') in 0.018219 seconds 
========================================================================
Received Import Request.
  Time since last request: 0.000034 seconds.
  path: Assets/Resources/SPUM/SPUM_Sprites/Packages/Ver300/0_Hair/New_Hair_19.png
  artifactKey: Guid(0cd36d851007e1645bd90e48f68d68ff) Importer(815301076,1909f56bfc062723c751e8b465ee728b)
Start importing Assets/Resources/SPUM/SPUM_Sprites/Packages/Ver300/0_Hair/New_Hair_19.png using Guid(0cd36d851007e1645bd90e48f68d68ff) Importer(815301076,1909f56bfc062723c751e8b465ee728b)  -> (artifact id: 'ec95f9b4dd774c444f5f52e1b86a5cdd') in 0.022087 seconds 
========================================================================
Received Import Request.
  Time since last request: 0.000033 seconds.
  path: Assets/SPUM/SPUM_Sprites/BodySource/Species/2_Devil/Eye/Eye5.png
  artifactKey: Guid(435ff0aa334054313b93bed5fa84a4f0) Importer(815301076,1909f56bfc062723c751e8b465ee728b)
Start importing Assets/SPUM/SPUM_Sprites/BodySource/Species/2_Devil/Eye/Eye5.png using Guid(435ff0aa334054313b93bed5fa84a4f0) Importer(815301076,1909f56bfc062723c751e8b465ee728b)  -> (artifact id: 'bba0fd3a0444372ec9a81e3592f76851') in 0.027037 seconds 
========================================================================
Received Import Request.
  Time since last request: 0.000021 seconds.
  path: Assets/SPUM/SPUM_Sprites/Items/0_Hair/Hair_7.png
  artifactKey: Guid(287a5844c9fe94dfb88f04f7f90586d0) Importer(815301076,1909f56bfc062723c751e8b465ee728b)
Start importing Assets/SPUM/SPUM_Sprites/Items/0_Hair/Hair_7.png using Guid(287a5844c9fe94dfb88f04f7f90586d0) Importer(815301076,1909f56bfc062723c751e8b465ee728b)  -> (artifact id: '0979684cafd778b4cf713cac35e5c6f6') in 0.017755 seconds 
========================================================================
Received Import Request.
  Time since last request: 0.000035 seconds.
  path: Assets/Resources/SPUM/SPUM_Sprites/Packages/Ver121/0_Hair/Normal_Hair4.png
  artifactKey: Guid(7013cb6b044af644ca3fbe63a46345fb) Importer(815301076,1909f56bfc062723c751e8b465ee728b)
Start importing Assets/Resources/SPUM/SPUM_Sprites/Packages/Ver121/0_Hair/Normal_Hair4.png using Guid(7013cb6b044af644ca3fbe63a46345fb) Importer(815301076,1909f56bfc062723c751e8b465ee728b)  -> (artifact id: '263f303c86691fc888ccdce569824d5d') in 0.018358 seconds 
========================================================================
Received Import Request.
  Time since last request: 0.000024 seconds.
  path: Assets/Resources/SPUM/SPUM_Sprites/Packages/Ver300/3_Pant/New_Pant_11.png
  artifactKey: Guid(09e9c75272e6d91469907ec46fa55d6a) Importer(815301076,1909f56bfc062723c751e8b465ee728b)
Start importing Assets/Resources/SPUM/SPUM_Sprites/Packages/Ver300/3_Pant/New_Pant_11.png using Guid(09e9c75272e6d91469907ec46fa55d6a) Importer(815301076,1909f56bfc062723c751e8b465ee728b)  -> (artifact id: '9e73dba7a76aaeed7c8e54cf85dbf0d6') in 0.023581 seconds 
========================================================================
Received Import Request.
  Time since last request: 0.000016 seconds.
  path: Assets/Resources/SPUM/SPUM_Sprites/Packages/Ver300/4_Helmet/New_Helmet_06.png
  artifactKey: Guid(eb5355d79d783514e99609838dc43414) Importer(815301076,1909f56bfc062723c751e8b465ee728b)
Start importing Assets/Resources/SPUM/SPUM_Sprites/Packages/Ver300/4_Helmet/New_Helmet_06.png using Guid(eb5355d79d783514e99609838dc43414) Importer(815301076,1909f56bfc062723c751e8b465ee728b)  -> (artifact id: '9219323d80bf476544933cdaa5f2b065') in 0.017901 seconds 
========================================================================
Received Import Request.
  Time since last request: 0.000018 seconds.
  path: Assets/Resources/SPUM/SPUM_Sprites/Items/6_Weapons/Shield_1.png
  artifactKey: Guid(41b51a592ab62ec409d87c236a129b73) Importer(815301076,1909f56bfc062723c751e8b465ee728b)
Start importing Assets/Resources/SPUM/SPUM_Sprites/Items/6_Weapons/Shield_1.png using Guid(41b51a592ab62ec409d87c236a129b73) Importer(815301076,1909f56bfc062723c751e8b465ee728b)  -> (artifact id: 'bbedf936c8978f411a148cf006557121') in 0.015838 seconds 
========================================================================
Received Import Request.
  Time since last request: 0.000040 seconds.
  path: Assets/SPUM/SPUM_Sprites/BodySource/Species/2_Devil/Eye/Eye6.png
  artifactKey: Guid(c0bb1ebdc14ec4e299d4d8763e15b49e) Importer(815301076,1909f56bfc062723c751e8b465ee728b)
Start importing Assets/SPUM/SPUM_Sprites/BodySource/Species/2_Devil/Eye/Eye6.png using Guid(c0bb1ebdc14ec4e299d4d8763e15b49e) Importer(815301076,1909f56bfc062723c751e8b465ee728b)  -> (artifact id: 'eea739a7641b3ced1cb37ae0f4d8cce1') in 0.018530 seconds 
========================================================================
Received Import Request.
  Time since last request: 0.000037 seconds.
  path: Assets/SPUM/SPUM_Sprites/Packages/Ver300/2_Cloth/New_Cloth_04.png
  artifactKey: Guid(d6b31bb9a1263457d996d905401b4217) Importer(815301076,1909f56bfc062723c751e8b465ee728b)
Start importing Assets/SPUM/SPUM_Sprites/Packages/Ver300/2_Cloth/New_Cloth_04.png using Guid(d6b31bb9a1263457d996d905401b4217) Importer(815301076,1909f56bfc062723c751e8b465ee728b)  -> (artifact id: '75c89cacb2cd2e68d3d9b1275f8eeca9') in 0.020556 seconds 
========================================================================
Received Import Request.
  Time since last request: 0.000028 seconds.
  path: Assets/Resources/SPUM/SPUM_Sprites/Packages/Ver300/5_Armor/New_Armor_03.png
  artifactKey: Guid(3577e632b99b80d48965031f906626ff) Importer(815301076,1909f56bfc062723c751e8b465ee728b)
Start importing Assets/Resources/SPUM/SPUM_Sprites/Packages/Ver300/5_Armor/New_Armor_03.png using Guid(3577e632b99b80d48965031f906626ff) Importer(815301076,1909f56bfc062723c751e8b465ee728b)  -> (artifact id: '53930adeb442aa9aae362efb4c6bb64a') in 0.018501 seconds 
========================================================================
Received Import Request.
  Time since last request: 0.000045 seconds.
  path: Assets/Resources/SPUM/SPUM_Sprites/Packages/Ver300/3_Pant/New_Pant_08.png
  artifactKey: Guid(89af70d16aa65144a8f1e91cb688ddfe) Importer(815301076,1909f56bfc062723c751e8b465ee728b)
Start importing Assets/Resources/SPUM/SPUM_Sprites/Packages/Ver300/3_Pant/New_Pant_08.png using Guid(89af70d16aa65144a8f1e91cb688ddfe) Importer(815301076,1909f56bfc062723c751e8b465ee728b)  -> (artifact id: 'c345f361ab1fcdd0ca0825febf7308a0') in 0.021839 seconds 
========================================================================
Received Import Request.
  Time since last request: 0.000022 seconds.
  path: Assets/SPUM/SPUM_Sprites/Packages/Ver300/2_Cloth/New_Cloth_01.png
  artifactKey: Guid(0aba1c3d9e6814991b93ff6a9540656b) Importer(815301076,1909f56bfc062723c751e8b465ee728b)
Start importing Assets/SPUM/SPUM_Sprites/Packages/Ver300/2_Cloth/New_Cloth_01.png using Guid(0aba1c3d9e6814991b93ff6a9540656b) Importer(815301076,1909f56bfc062723c751e8b465ee728b)  -> (artifact id: 'f49e41b577fb334ef441cdb04567b4dd') in 0.025936 seconds 
========================================================================
Received Import Request.
  Time since last request: 0.000026 seconds.
  path: Assets/SPUM/SPUM_Sprites/RideSource/Horse4/RedHorse.png
  artifactKey: Guid(1bb8d9394563849f790ff55b8cc05dca) Importer(815301076,1909f56bfc062723c751e8b465ee728b)
Start importing Assets/SPUM/SPUM_Sprites/RideSource/Horse4/RedHorse.png using Guid(1bb8d9394563849f790ff55b8cc05dca) Importer(815301076,1909f56bfc062723c751e8b465ee728b)  -> (artifact id: '39d68499d07cb1dc73052a2910ecc275') in 0.061750 seconds 
========================================================================
Received Import Request.
  Time since last request: 0.000024 seconds.
  path: Assets/SPUM/SPUM_Sprites/Packages/Ver300/4_Helmet/New_Helmet_03.png
  artifactKey: Guid(b1873796bc6a04d0e851a8b13585448b) Importer(815301076,1909f56bfc062723c751e8b465ee728b)
Start importing Assets/SPUM/SPUM_Sprites/Packages/Ver300/4_Helmet/New_Helmet_03.png using Guid(b1873796bc6a04d0e851a8b13585448b) Importer(815301076,1909f56bfc062723c751e8b465ee728b)  -> (artifact id: '081a48d636e19516abe57d5e82953033') in 0.016871 seconds 
========================================================================
Received Import Request.
  Time since last request: 0.000033 seconds.
  path: Assets/SPUM/SPUM_Sprites/Items/4_Helmet/Helmet_3.png
  artifactKey: Guid(e18834699727342f7b28af1c655acc6f) Importer(815301076,1909f56bfc062723c751e8b465ee728b)
Start importing Assets/SPUM/SPUM_Sprites/Items/4_Helmet/Helmet_3.png using Guid(e18834699727342f7b28af1c655acc6f) Importer(815301076,1909f56bfc062723c751e8b465ee728b)  -> (artifact id: 'ab047187ce52042cc19c652f6fc6b383') in 0.021366 seconds 
========================================================================
Received Import Request.
  Time since last request: 0.000028 seconds.
  path: Assets/SPUM/SPUM_Sprites/Items/6_Weapons/Sword_4.png
  artifactKey: Guid(f9cdd1844b02d4c81989b265d121a78a) Importer(815301076,1909f56bfc062723c751e8b465ee728b)
Start importing Assets/SPUM/SPUM_Sprites/Items/6_Weapons/Sword_4.png using Guid(f9cdd1844b02d4c81989b265d121a78a) Importer(815301076,1909f56bfc062723c751e8b465ee728b)  -> (artifact id: 'ce8c57ce746acec9bcdde940b2e974a2') in 0.014603 seconds 
========================================================================
Received Import Request.
  Time since last request: 0.000030 seconds.
  path: Assets/SPUM/SPUM_Sprites/Items/4_Helmet/Helmet_2.png
  artifactKey: Guid(9eeb20468ab8448d6aa001c44dfc7b16) Importer(815301076,1909f56bfc062723c751e8b465ee728b)
Start importing Assets/SPUM/SPUM_Sprites/Items/4_Helmet/Helmet_2.png using Guid(9eeb20468ab8448d6aa001c44dfc7b16) Importer(815301076,1909f56bfc062723c751e8b465ee728b)  -> (artifact id: '95e3a133d75f64a72b327481114997c5') in 0.014789 seconds 
========================================================================
Received Import Request.
  Time since last request: 0.000028 seconds.
  path: Assets/Resources/SPUM/SPUM_Sprites/Packages/Ver300/5_Armor/New_Armor_06.png
  artifactKey: Guid(02d2e693e95872c49bd0bf70c3ef1231) Importer(815301076,1909f56bfc062723c751e8b465ee728b)
Start importing Assets/Resources/SPUM/SPUM_Sprites/Packages/Ver300/5_Armor/New_Armor_06.png using Guid(02d2e693e95872c49bd0bf70c3ef1231) Importer(815301076,1909f56bfc062723c751e8b465ee728b)  -> (artifact id: 'f7860da99f3ae5e876db376ea8f37ed2') in 0.026171 seconds 
========================================================================
Received Import Request.
  Time since last request: 0.000033 seconds.
  path: Assets/SPUM/SPUM_Sprites/Items/0_Hair/Hair_4.png
  artifactKey: Guid(9926b97e63b2b4f0bb0aaddb7c8d3dee) Importer(815301076,1909f56bfc062723c751e8b465ee728b)
Start importing Assets/SPUM/SPUM_Sprites/Items/0_Hair/Hair_4.png using Guid(9926b97e63b2b4f0bb0aaddb7c8d3dee) Importer(815301076,1909f56bfc062723c751e8b465ee728b)  -> (artifact id: '87c8080c1403c6512d2a6833bd4eaa9f') in 0.019577 seconds 
========================================================================
Received Import Request.
  Time since last request: 0.000031 seconds.
  path: Assets/Resources/SPUM/SPUM_Sprites/Packages/Ver300/0_Hair/New_Hair_10.png
  artifactKey: Guid(90b3c0ddcec29b04c847b0bc2db17e07) Importer(815301076,1909f56bfc062723c751e8b465ee728b)
Start importing Assets/Resources/SPUM/SPUM_Sprites/Packages/Ver300/0_Hair/New_Hair_10.png using Guid(90b3c0ddcec29b04c847b0bc2db17e07) Importer(815301076,1909f56bfc062723c751e8b465ee728b)  -> (artifact id: 'e5842340c197c0d7ce27bd2cadd3ddb8') in 0.018858 seconds 
========================================================================
Received Import Request.
  Time since last request: 0.000028 seconds.
  path: Assets/Resources/SPUM/SPUM_Sprites/Items/2_Cloth/Cloth_5.png
  artifactKey: Guid(06582c448a7af9d4bb7da0a0244b9834) Importer(815301076,1909f56bfc062723c751e8b465ee728b)
Start importing Assets/Resources/SPUM/SPUM_Sprites/Items/2_Cloth/Cloth_5.png using Guid(06582c448a7af9d4bb7da0a0244b9834) Importer(815301076,1909f56bfc062723c751e8b465ee728b)  -> (artifact id: '5ddcc7f4490c3655efdcf2bde6454b18') in 0.023326 seconds 
========================================================================
Received Import Request.
  Time since last request: 0.000032 seconds.
  path: Assets/SPUM/ScreenShots/GifExports/Unit000_1_Run.gif
  artifactKey: Guid(668c51c6c7270458a97040722c9b026b) Importer(815301076,1909f56bfc062723c751e8b465ee728b)
Start importing Assets/SPUM/ScreenShots/GifExports/Unit000_1_Run.gif using Guid(668c51c6c7270458a97040722c9b026b) Importer(815301076,1909f56bfc062723c751e8b465ee728b)  -> (artifact id: 'cf3001c2a2add165e186838af13aa291') in 0.022562 seconds 
========================================================================
Received Import Request.
  Time since last request: 0.000032 seconds.
  path: Assets/Resources/SPUM/SPUM_Sprites/Packages/Ver300/5_Armor/New_Armor_10.png
  artifactKey: Guid(5c324dd30cdeca64687ef0d925d0545e) Importer(815301076,1909f56bfc062723c751e8b465ee728b)
Start importing Assets/Resources/SPUM/SPUM_Sprites/Packages/Ver300/5_Armor/New_Armor_10.png using Guid(5c324dd30cdeca64687ef0d925d0545e) Importer(815301076,1909f56bfc062723c751e8b465ee728b)  -> (artifact id: 'b8e0172461939a3b85bef22597967739') in 0.027744 seconds 
========================================================================
Received Import Request.
  Time since last request: 0.000025 seconds.
  path: Assets/SPUM/SPUM_Sprites/Packages/Ver300/6_Weapons/New_Weapon_07.png
  artifactKey: Guid(529a1a0c4dde84b71a261ee01ec0e428) Importer(815301076,1909f56bfc062723c751e8b465ee728b)
Start importing Assets/SPUM/SPUM_Sprites/Packages/Ver300/6_Weapons/New_Weapon_07.png using Guid(529a1a0c4dde84b71a261ee01ec0e428) Importer(815301076,1909f56bfc062723c751e8b465ee728b)  -> (artifact id: '464bee4913cc68436316d4b3127e81d7') in 0.016802 seconds 
========================================================================
Received Import Request.
  Time since last request: 0.000023 seconds.
  path: Assets/SPUM/SPUM_Sprites/Packages/Ver300/3_Pant/New_Pant_02.png
  artifactKey: Guid(75c6efef2560d4417bd40473e15859cb) Importer(815301076,1909f56bfc062723c751e8b465ee728b)
Start importing Assets/SPUM/SPUM_Sprites/Packages/Ver300/3_Pant/New_Pant_02.png using Guid(75c6efef2560d4417bd40473e15859cb) Importer(815301076,1909f56bfc062723c751e8b465ee728b)  -> (artifact id: '20fcc65b6b8bbb65dd0346f83b97cf6b') in 0.022294 seconds 
========================================================================
Received Import Request.
  Time since last request: 0.000018 seconds.
  path: Assets/SPUM/SPUM_Sprites/Packages/Ver121/0_Hair/Normal_Hair13.png
  artifactKey: Guid(050680dd0362dd14f9a89844ca20b644) Importer(815301076,1909f56bfc062723c751e8b465ee728b)
Start importing Assets/SPUM/SPUM_Sprites/Packages/Ver121/0_Hair/Normal_Hair13.png using Guid(050680dd0362dd14f9a89844ca20b644) Importer(815301076,1909f56bfc062723c751e8b465ee728b)  -> (artifact id: '99017953474ff8a78c2ef474330c5c7f') in 0.012822 seconds 
========================================================================
Received Import Request.
  Time since last request: 0.000043 seconds.
  path: Assets/SPUM/SPUM_Sprites/Packages/Ver121/0_Hair/Normal_Hair8.png
  artifactKey: Guid(93a9a243857ef944ba425e20a9a91b22) Importer(815301076,1909f56bfc062723c751e8b465ee728b)
Start importing Assets/SPUM/SPUM_Sprites/Packages/Ver121/0_Hair/Normal_Hair8.png using Guid(93a9a243857ef944ba425e20a9a91b22) Importer(815301076,1909f56bfc062723c751e8b465ee728b)  -> (artifact id: '0f686a62e0a110e0219f82075827d412') in 0.012273 seconds 
========================================================================
Received Import Request.
  Time since last request: 0.000043 seconds.
  path: Assets/SPUM/SPUM_Sprites/BodySource/Species/1_Elf/Eye/Eye9.png
  artifactKey: Guid(402f238b8c56b4048b702b97d020744d) Importer(815301076,1909f56bfc062723c751e8b465ee728b)
Start importing Assets/SPUM/SPUM_Sprites/BodySource/Species/1_Elf/Eye/Eye9.png using Guid(402f238b8c56b4048b702b97d020744d) Importer(815301076,1909f56bfc062723c751e8b465ee728b)  -> (artifact id: '8ec9a39a89b7cb3e61063b0a2f7d26e4') in 0.020058 seconds 
========================================================================
Received Import Request.
  Time since last request: 0.000031 seconds.
  path: Assets/Resources/SPUM/SPUM_Sprites/Packages/Ver300/3_Pant/New_Pant_02.png
  artifactKey: Guid(3547b595fe342934fb71b7bfc4468e7c) Importer(815301076,1909f56bfc062723c751e8b465ee728b)
Start importing Assets/Resources/SPUM/SPUM_Sprites/Packages/Ver300/3_Pant/New_Pant_02.png using Guid(3547b595fe342934fb71b7bfc4468e7c) Importer(815301076,1909f56bfc062723c751e8b465ee728b)  -> (artifact id: '18bfef2ea857286b59c73330189dda7d') in 0.016840 seconds 
========================================================================
Received Import Request.
  Time since last request: 0.000020 seconds.
  path: Assets/SPUM/SPUM_Sprites/BodySource/Species/4_Orc/Orc_1.png
  artifactKey: Guid(9f6f74f146203417fae095263bf53e7c) Importer(815301076,1909f56bfc062723c751e8b465ee728b)
Start importing Assets/SPUM/SPUM_Sprites/BodySource/Species/4_Orc/Orc_1.png using Guid(9f6f74f146203417fae095263bf53e7c) Importer(815301076,1909f56bfc062723c751e8b465ee728b)  -> (artifact id: '3043645234f2066e1231e2af7c73fb17') in 0.039141 seconds 
========================================================================
Received Import Request.
  Time since last request: 0.000032 seconds.
  path: Assets/SPUM/SPUM_Sprites/BodySource/Species/1_Elf/Eye/Eye3.png
  artifactKey: Guid(b52256c76c99b4d98bd0b7435e4fb383) Importer(815301076,1909f56bfc062723c751e8b465ee728b)
Start importing Assets/SPUM/SPUM_Sprites/BodySource/Species/1_Elf/Eye/Eye3.png using Guid(b52256c76c99b4d98bd0b7435e4fb383) Importer(815301076,1909f56bfc062723c751e8b465ee728b)  -> (artifact id: 'c8897797e00d55fd7932418b6214fb82') in 0.020742 seconds 
========================================================================
Received Import Request.
  Time since last request: 0.000029 seconds.
  path: Assets/Resources/SPUM/SPUM_Sprites/Packages/Ver121/6_Weapons/WoodShield1.png
  artifactKey: Guid(3c1adfa1729272148ba4aa2bf6f0652c) Importer(815301076,1909f56bfc062723c751e8b465ee728b)
Start importing Assets/Resources/SPUM/SPUM_Sprites/Packages/Ver121/6_Weapons/WoodShield1.png using Guid(3c1adfa1729272148ba4aa2bf6f0652c) Importer(815301076,1909f56bfc062723c751e8b465ee728b)  -> (artifact id: 'fbf6000e732c1ef491595f6e65894a01') in 0.014475 seconds 
========================================================================
Received Import Request.
  Time since last request: 0.000027 seconds.
  path: Assets/Resources/SPUM/SPUM_Sprites/Packages/Ver121/5_Armor/Normal_Armor1.png
  artifactKey: Guid(343d207bc28da8c4ba338a0597ad5151) Importer(815301076,1909f56bfc062723c751e8b465ee728b)
Start importing Assets/Resources/SPUM/SPUM_Sprites/Packages/Ver121/5_Armor/Normal_Armor1.png using Guid(343d207bc28da8c4ba338a0597ad5151) Importer(815301076,1909f56bfc062723c751e8b465ee728b)  -> (artifact id: '625c7d7c75f4a018ab5642c7955384d2') in 0.026560 seconds 
========================================================================
Received Import Request.
  Time since last request: 0.000028 seconds.
  path: Assets/Resources/SPUM/SPUM_Sprites/Items/6_Weapons/Sword_3.png
  artifactKey: Guid(d9d5246b8e1c2294286b22d55a9bf84a) Importer(815301076,1909f56bfc062723c751e8b465ee728b)
Start importing Assets/Resources/SPUM/SPUM_Sprites/Items/6_Weapons/Sword_3.png using Guid(d9d5246b8e1c2294286b22d55a9bf84a) Importer(815301076,1909f56bfc062723c751e8b465ee728b)  -> (artifact id: '8ea08b50734bdb2c8bfb4bf203e1935f') in 0.016344 seconds 
========================================================================
Received Import Request.
  Time since last request: 0.000019 seconds.
  path: Assets/Resources/SPUM/SPUM_Sprites/Packages/Ver300/4_Helmet/New_Helmet_10.png
  artifactKey: Guid(6706b1babb0f50745907bbab972ff61d) Importer(815301076,1909f56bfc062723c751e8b465ee728b)
Start importing Assets/Resources/SPUM/SPUM_Sprites/Packages/Ver300/4_Helmet/New_Helmet_10.png using Guid(6706b1babb0f50745907bbab972ff61d) Importer(815301076,1909f56bfc062723c751e8b465ee728b)  -> (artifact id: 'efc3ee02215f05618bf11919ad7ba983') in 0.011851 seconds 
========================================================================
Received Import Request.
  Time since last request: 0.000029 seconds.
  path: Assets/SPUM/SPUM_Sprites/Packages/Ver300/5_Armor/New_Armor_06.png
  artifactKey: Guid(7837b3161c8b7477e9711cb259036797) Importer(815301076,1909f56bfc062723c751e8b465ee728b)
Start importing Assets/SPUM/SPUM_Sprites/Packages/Ver300/5_Armor/New_Armor_06.png using Guid(7837b3161c8b7477e9711cb259036797) Importer(815301076,1909f56bfc062723c751e8b465ee728b)  -> (artifact id: '194b81e1291f8d5cce2ba6dc8f11f76f') in 0.027717 seconds 
========================================================================
Received Import Request.
  Time since last request: 0.000038 seconds.
  path: Assets/SPUM/Res/UI/DotSquare.png
  artifactKey: Guid(ea7baaf9754d441e1ae18cfc2492802e) Importer(815301076,1909f56bfc062723c751e8b465ee728b)
Start importing Assets/SPUM/Res/UI/DotSquare.png using Guid(ea7baaf9754d441e1ae18cfc2492802e) Importer(815301076,1909f56bfc062723c751e8b465ee728b)  -> (artifact id: '35a90a54066bdb8e3533a6ca289b2a1b') in 0.017757 seconds 
========================================================================
Received Import Request.
  Time since last request: 0.000018 seconds.
  path: Assets/SPUM/SPUM_Sprites/BodySource/Species/0_Human/Human_5.png
  artifactKey: Guid(2d4ddbcaa077542029456f5c81f2f981) Importer(815301076,1909f56bfc062723c751e8b465ee728b)
Start importing Assets/SPUM/SPUM_Sprites/BodySource/Species/0_Human/Human_5.png using Guid(2d4ddbcaa077542029456f5c81f2f981) Importer(815301076,1909f56bfc062723c751e8b465ee728b)  -> (artifact id: 'b3912b96097f7569590313d27b940637') in 0.032539 seconds 
========================================================================
Received Import Request.
  Time since last request: 0.000023 seconds.
  path: Assets/Resources/SPUM/SPUM_Sprites/Packages/Ver300/6_Weapons/New_Weapon_06.png
  artifactKey: Guid(87a522b017cd13641aa0615fa9a0dcd1) Importer(815301076,1909f56bfc062723c751e8b465ee728b)
Start importing Assets/Resources/SPUM/SPUM_Sprites/Packages/Ver300/6_Weapons/New_Weapon_06.png using Guid(87a522b017cd13641aa0615fa9a0dcd1) Importer(815301076,1909f56bfc062723c751e8b465ee728b)  -> (artifact id: 'a50c50bc177e17964743c45043c8c682') in 0.016473 seconds 
========================================================================
Received Import Request.
  Time since last request: 0.000021 seconds.
  path: Assets/SPUM/SPUM_Sprites/BodySource/Species/1_Elf/Eye/Eye16.png
  artifactKey: Guid(f4c3128ae81dc437a8ac9b8a56aaab57) Importer(815301076,1909f56bfc062723c751e8b465ee728b)
Start importing Assets/SPUM/SPUM_Sprites/BodySource/Species/1_Elf/Eye/Eye16.png using Guid(f4c3128ae81dc437a8ac9b8a56aaab57) Importer(815301076,1909f56bfc062723c751e8b465ee728b)  -> (artifact id: 'd55f46341de2ce2fcc51611d44b3e87a') in 0.017535 seconds 
========================================================================
Received Import Request.
  Time since last request: 0.000023 seconds.
  path: Assets/SPUM/ScreenShots/GifExports/Unit000_3_Debuff_Stun.gif
  artifactKey: Guid(dac2add283cfb4c398e247e8e696686c) Importer(815301076,1909f56bfc062723c751e8b465ee728b)
Start importing Assets/SPUM/ScreenShots/GifExports/Unit000_3_Debuff_Stun.gif using Guid(dac2add283cfb4c398e247e8e696686c) Importer(815301076,1909f56bfc062723c751e8b465ee728b)  -> (artifact id: 'b5b76144bb04eab56cf4c368f8729883') in 0.014078 seconds 
========================================================================
Received Import Request.
  Time since last request: 0.000027 seconds.
  path: Assets/SPUM/SPUM_Sprites/Items/1_FaceHair/FaceHair_1.png
  artifactKey: Guid(c881fe1f539449842b243ff9a21298eb) Importer(815301076,1909f56bfc062723c751e8b465ee728b)
Start importing Assets/SPUM/SPUM_Sprites/Items/1_FaceHair/FaceHair_1.png using Guid(c881fe1f539449842b243ff9a21298eb) Importer(815301076,1909f56bfc062723c751e8b465ee728b)  -> (artifact id: '6b5645f03443b68aa5d9de875723b851') in 0.024376 seconds 
========================================================================
Received Import Request.
  Time since last request: 0.000035 seconds.
  path: Assets/Resources/SPUM/SPUM_Sprites/Packages/Ver121/0_Hair/Normal_Hair12.png
  artifactKey: Guid(d13a89d04a6d3fe4092ea8b784c324cc) Importer(815301076,1909f56bfc062723c751e8b465ee728b)
Start importing Assets/Resources/SPUM/SPUM_Sprites/Packages/Ver121/0_Hair/Normal_Hair12.png using Guid(d13a89d04a6d3fe4092ea8b784c324cc) Importer(815301076,1909f56bfc062723c751e8b465ee728b)  -> (artifact id: '6fe3769efb1e2aae1f14b55ccc2026ff') in 0.015511 seconds 
========================================================================
Received Import Request.
  Time since last request: 0.000021 seconds.
  path: Assets/SPUM/SPUM_Sprites/Items/1_FaceHair/FaceHair_4.png
  artifactKey: Guid(3d7b37f79491e724d99cab75dfafabdd) Importer(815301076,1909f56bfc062723c751e8b465ee728b)
Start importing Assets/SPUM/SPUM_Sprites/Items/1_FaceHair/FaceHair_4.png using Guid(3d7b37f79491e724d99cab75dfafabdd) Importer(815301076,1909f56bfc062723c751e8b465ee728b)  -> (artifact id: '9ca3f10ee522c13ce8706ae50824655b') in 0.014917 seconds 
========================================================================
Received Import Request.
  Time since last request: 0.000031 seconds.
  path: Assets/SPUM/ScreenShots/Unit000_1_0_idle_0.png
  artifactKey: Guid(e23f94002a20a4449856a6dba01de44b) Importer(815301076,1909f56bfc062723c751e8b465ee728b)
Start importing Assets/SPUM/ScreenShots/Unit000_1_0_idle_0.png using Guid(e23f94002a20a4449856a6dba01de44b) Importer(815301076,1909f56bfc062723c751e8b465ee728b)  -> (artifact id: 'e09089ab57bceac7e3aba7aa17f44dcd') in 0.035672 seconds 
========================================================================
Received Import Request.
  Time since last request: 0.000034 seconds.
  path: Assets/SPUM/SPUM_Sprites/Packages/Ver300/0_Hair/New_Hair_12.png
  artifactKey: Guid(418362a88ec484e62b5aae771d2e687e) Importer(815301076,1909f56bfc062723c751e8b465ee728b)
Start importing Assets/SPUM/SPUM_Sprites/Packages/Ver300/0_Hair/New_Hair_12.png using Guid(418362a88ec484e62b5aae771d2e687e) Importer(815301076,1909f56bfc062723c751e8b465ee728b)  -> (artifact id: '21f25880189a493270949fc97a3fbdc7') in 0.016082 seconds 
========================================================================
Received Import Request.
  Time since last request: 0.000025 seconds.
  path: Assets/Resources/SPUM/SPUM_Sprites/Packages/Ver121/0_Hair/Normal_Hair11.png
  artifactKey: Guid(2bdaed5b5212d724c9b5ab3e43e889fc) Importer(815301076,1909f56bfc062723c751e8b465ee728b)
Start importing Assets/Resources/SPUM/SPUM_Sprites/Packages/Ver121/0_Hair/Normal_Hair11.png using Guid(2bdaed5b5212d724c9b5ab3e43e889fc) Importer(815301076,1909f56bfc062723c751e8b465ee728b)  -> (artifact id: '19a93a3c2eb159d39b4ca7540feb051e') in 0.021457 seconds 
========================================================================
Received Import Request.
  Time since last request: 0.000027 seconds.
  path: Assets/SPUM/SPUM_Sprites/Packages/Ver300/6_Weapons/New_weapon_02.png
  artifactKey: Guid(865a7131292ca4737a2713362d123c94) Importer(815301076,1909f56bfc062723c751e8b465ee728b)
Start importing Assets/SPUM/SPUM_Sprites/Packages/Ver300/6_Weapons/New_weapon_02.png using Guid(865a7131292ca4737a2713362d123c94) Importer(815301076,1909f56bfc062723c751e8b465ee728b)  -> (artifact id: '432fe6e6d8f8412752e9303f5ffc2035') in 0.019639 seconds 
========================================================================
Received Import Request.
  Time since last request: 16.524561 seconds.
  path: Assets/SPUM/SPUM_Sprites/Items/3_Pant/Foot_2.png
  artifactKey: Guid(ed0836d2b0b084f2a842be7fa476e1e5) Importer(815301076,1909f56bfc062723c751e8b465ee728b)
Start importing Assets/SPUM/SPUM_Sprites/Items/3_Pant/Foot_2.png using Guid(ed0836d2b0b084f2a842be7fa476e1e5) Importer(815301076,1909f56bfc062723c751e8b465ee728b)  -> (artifact id: '8e2c74e2f812256f7307e73df014a4e7') in 0.017282 seconds 
========================================================================
Received Import Request.
  Time since last request: 0.000044 seconds.
  path: Assets/Resources/SPUM/SPUM_Sprites/Items/0_Hair/Hair_1.png
  artifactKey: Guid(067a42a7a66b8aa4ea89e64246d5f292) Importer(815301076,1909f56bfc062723c751e8b465ee728b)
Start importing Assets/Resources/SPUM/SPUM_Sprites/Items/0_Hair/Hair_1.png using Guid(067a42a7a66b8aa4ea89e64246d5f292) Importer(815301076,1909f56bfc062723c751e8b465ee728b)  -> (artifact id: '3f0805979a660543b92f11f9db78c87c') in 0.022209 seconds 
========================================================================
Received Import Request.
  Time since last request: 0.044919 seconds.
  path: Assets/SPUM/SPUM_Sprites/Items/0_Hair/Hair_1.png
  artifactKey: Guid(97dd5eff083df4f76985e690e6d60a23) Importer(815301076,1909f56bfc062723c751e8b465ee728b)
Start importing Assets/SPUM/SPUM_Sprites/Items/0_Hair/Hair_1.png using Guid(97dd5eff083df4f76985e690e6d60a23) Importer(815301076,1909f56bfc062723c751e8b465ee728b)  -> (artifact id: 'b54eabe1e198c88bfc3809957757f25c') in 0.010237 seconds 
========================================================================
Received Import Request.
  Time since last request: 0.258013 seconds.
  path: Assets/Resources/SPUM/SPUM_Sprites/Items/4_Helmet/Helmet_7.png
  artifactKey: Guid(fbfc4f05e04788442a036251d50e18d1) Importer(815301076,1909f56bfc062723c751e8b465ee728b)
Start importing Assets/Resources/SPUM/SPUM_Sprites/Items/4_Helmet/Helmet_7.png using Guid(fbfc4f05e04788442a036251d50e18d1) Importer(815301076,1909f56bfc062723c751e8b465ee728b)  -> (artifact id: '6f4ab7748c586c668df165177093bc5f') in 0.010637 seconds 
========================================================================
Received Import Request.
  Time since last request: 0.014430 seconds.
  path: Assets/Resources/SPUM/SPUM_Sprites/Items/4_Helmet/Helmet_9.png
  artifactKey: Guid(6974d583d9ffc2c4686c8e32043dd5a8) Importer(815301076,1909f56bfc062723c751e8b465ee728b)
Start importing Assets/Resources/SPUM/SPUM_Sprites/Items/4_Helmet/Helmet_9.png using Guid(6974d583d9ffc2c4686c8e32043dd5a8) Importer(815301076,1909f56bfc062723c751e8b465ee728b)  -> (artifact id: 'f4e70c0c8f8bcadec141be5069fcb218') in 0.016636 seconds 
========================================================================
Received Import Request.
  Time since last request: 0.013348 seconds.
  path: Assets/SPUM/Res/UI/Horse1.png
  artifactKey: Guid(c2921f4d52be347769b93a61dfb7fe49) Importer(815301076,1909f56bfc062723c751e8b465ee728b)
Start importing Assets/SPUM/Res/UI/Horse1.png using Guid(c2921f4d52be347769b93a61dfb7fe49) Importer(815301076,1909f56bfc062723c751e8b465ee728b)  -> (artifact id: 'aecfeeae3c728b62d76c2476924a050d') in 0.018524 seconds 
Editor requested this worker to shutdown with reason: Scaling down because of idle timeout
AssetImportWorker is now disconnected from the server
Process exiting
Exiting without the bug reporter. Application will terminate with return code 0