Using pre-set license
Built from '2021.3/staging' branch; Version is '2021.3.1f1 (3b70a0754835) revision 3895456'; Using compiler version '192829333'; Build Type 'Release'
OS: 'Windows 10  (10.0.19044) 64bit Core' Language: 'ko' Physical Memory: 16322 MB
BatchMode: 1, IsHumanControllingUs: 0, StartBugReporterOnCrash: 0, Is64bit: 1, IsPro: 1

COMMAND LINE ARGUMENTS:
C:\Program Files\Unity\Hub\Editor\2021.3.1f1\Editor\Unity.exe
-adb2
-batchMode
-noUpm
-name
AssetImportWorker5
-projectPath
C:/Users/user/Documents/GitHub/Villain-it-was-summer
-logFile
Logs/AssetImportWorker5.log
-srvPort
57106
Successfully changed project path to: C:/Users/user/Documents/GitHub/Villain-it-was-summer
C:/Users/user/Documents/GitHub/Villain-it-was-summer
[UnityMemory] Configuration Parameters - Can be set up in boot.config
    "memorysetup-bucket-allocator-granularity=16"
    "memorysetup-bucket-allocator-bucket-count=8"
    "memorysetup-bucket-allocator-block-size=33554432"
    "memorysetup-bucket-allocator-block-count=8"
    "memorysetup-main-allocator-block-size=16777216"
    "memorysetup-thread-allocator-block-size=16777216"
    "memorysetup-gfx-main-allocator-block-size=16777216"
    "memorysetup-gfx-thread-allocator-block-size=16777216"
    "memorysetup-cache-allocator-block-size=4194304"
    "memorysetup-typetree-allocator-block-size=2097152"
    "memorysetup-profiler-bucket-allocator-granularity=16"
    "memorysetup-profiler-bucket-allocator-bucket-count=8"
    "memorysetup-profiler-bucket-allocator-block-size=33554432"
    "memorysetup-profiler-bucket-allocator-block-count=8"
    "memorysetup-profiler-allocator-block-size=16777216"
    "memorysetup-profiler-editor-allocator-block-size=1048576"
    "memorysetup-temp-allocator-size-main=16777216"
    "memorysetup-job-temp-allocator-block-size=2097152"
    "memorysetup-job-temp-allocator-block-size-background=1048576"
    "memorysetup-job-temp-allocator-reduction-small-platforms=262144"
    "memorysetup-temp-allocator-size-background-worker=32768"
    "memorysetup-temp-allocator-size-job-worker=262144"
    "memorysetup-temp-allocator-size-preload-manager=33554432"
    "memorysetup-temp-allocator-size-nav-mesh-worker=65536"
    "memorysetup-temp-allocator-size-audio-worker=65536"
    "memorysetup-temp-allocator-size-cloud-worker=32768"
    "memorysetup-temp-allocator-size-gi-baking-worker=262144"
    "memorysetup-temp-allocator-size-gfx=262144"
Refreshing native plugins compatible for Editor in 132.68 ms, found 7 plugins.
Preloading 0 native plugins for Editor in 0.00 ms.
Initialize engine version: 2021.3.1f1 (3b70a0754835)
[Subsystems] Discovering subsystems at path C:/Program Files/Unity/Hub/Editor/2021.3.1f1/Editor/Data/Resources/UnitySubsystems
[Subsystems] Discovering subsystems at path C:/Users/user/Documents/GitHub/Villain-it-was-summer/Assets
GfxDevice: creating device client; threaded=0; jobified=0
Direct3D:
    Version:  Direct3D 11.0 [level 11.1]
    Renderer: NVIDIA GeForce RTX 2060 SUPER (ID=0x1f06)
    Vendor:   NVIDIA
    VRAM:     8031 MB
    Driver:   31.0.15.1748
Initialize mono
Mono path[0] = 'C:/Program Files/Unity/Hub/Editor/2021.3.1f1/Editor/Data/Managed'
Mono path[1] = 'C:/Program Files/Unity/Hub/Editor/2021.3.1f1/Editor/Data/MonoBleedingEdge/lib/mono/unityjit-win32'
Mono config path = 'C:/Program Files/Unity/Hub/Editor/2021.3.1f1/Editor/Data/MonoBleedingEdge/etc'
Using monoOptions --debugger-agent=transport=dt_socket,embedding=1,server=y,suspend=n,address=127.0.0.1:56688
Begin MonoManager ReloadAssembly
Registering precompiled unity dll's ...
Register platform support module: C:/Program Files/Unity/Hub/Editor/2021.3.1f1/Editor/Data/PlaybackEngines/WindowsStandaloneSupport/UnityEditor.WindowsStandalone.Extensions.dll
Registered in 0.039793 seconds.
Native extension for WindowsStandalone target not found
Refreshing native plugins compatible for Editor in 111.63 ms, found 7 plugins.
Preloading 0 native plugins for Editor in 0.00 ms.
Mono: successfully reloaded assembly
- Completed reload, in  1.056 seconds
Domain Reload Profiling:
	ReloadAssembly (1057ms)
		BeginReloadAssembly (207ms)
			ExecutionOrderSort (0ms)
			DisableScriptedObjects (0ms)
			BackupInstance (0ms)
			ReleaseScriptingObjects (0ms)
			CreateAndSetChildDomain (1ms)
		EndReloadAssembly (633ms)
			LoadAssemblies (196ms)
			RebuildTransferFunctionScriptingTraits (0ms)
			SetupTypeCache (134ms)
			ReleaseScriptCaches (0ms)
			RebuildScriptCaches (39ms)
			SetupLoadedEditorAssemblies (361ms)
				LogAssemblyErrors (0ms)
				InitializePlatformSupportModulesInManaged (22ms)
				SetLoadedEditorAssemblies (0ms)
				RefreshPlugins (112ms)
				BeforeProcessingInitializeOnLoad (2ms)
				ProcessInitializeOnLoadAttributes (161ms)
				ProcessInitializeOnLoadMethodAttributes (65ms)
				AfterProcessingInitializeOnLoad (0ms)
				EditorAssembliesLoaded (0ms)
			ExecutionOrderSort2 (0ms)
			AwakeInstancesAfterBackupRestoration (0ms)
Platform modules already initialized, skipping
Registering precompiled user dll's ...
Registered in 0.023193 seconds.
Begin MonoManager ReloadAssembly
Symbol file LoadedFromMemory doesn't match image C:\Users\user\Documents\GitHub\Villain-it-was-summer\Library\PackageCache\com.unity.visualscripting@1.7.6\Editor\VisualScripting.Core\Dependencies\YamlDotNet\Unity.VisualScripting.YamlDotNet.dll
Symbol file LoadedFromMemory is not a mono symbol file
Symbol file LoadedFromMemory doesn't match image C:\Users\user\Documents\GitHub\Villain-it-was-summer\Library\PackageCache\com.unity.visualscripting@1.7.6\Editor\VisualScripting.Core\Dependencies\DotNetZip\Unity.VisualScripting.IonicZip.dll
Native extension for WindowsStandalone target not found
Refreshing native plugins compatible for Editor in 107.81 ms, found 7 plugins.
Preloading 0 native plugins for Editor in 0.00 ms.
Mono: successfully reloaded assembly
- Completed reload, in  1.828 seconds
Domain Reload Profiling:
	ReloadAssembly (1829ms)
		BeginReloadAssembly (241ms)
			ExecutionOrderSort (0ms)
			DisableScriptedObjects (7ms)
			BackupInstance (0ms)
			ReleaseScriptingObjects (0ms)
			CreateAndSetChildDomain (25ms)
		EndReloadAssembly (1394ms)
			LoadAssemblies (246ms)
			RebuildTransferFunctionScriptingTraits (0ms)
			SetupTypeCache (309ms)
			ReleaseScriptCaches (1ms)
			RebuildScriptCaches (86ms)
			SetupLoadedEditorAssemblies (742ms)
				LogAssemblyErrors (0ms)
				InitializePlatformSupportModulesInManaged (14ms)
				SetLoadedEditorAssemblies (0ms)
				RefreshPlugins (108ms)
				BeforeProcessingInitializeOnLoad (184ms)
				ProcessInitializeOnLoadAttributes (344ms)
				ProcessInitializeOnLoadMethodAttributes (50ms)
				AfterProcessingInitializeOnLoad (41ms)
				EditorAssembliesLoaded (0ms)
			ExecutionOrderSort2 (0ms)
			AwakeInstancesAfterBackupRestoration (15ms)
Platform modules already initialized, skipping
========================================================================
Worker process is ready to serve import requests
Launched and connected shader compiler UnityShaderCompiler.exe after 0.08 seconds
Refreshing native plugins compatible for Editor in 0.89 ms, found 7 plugins.
Preloading 0 native plugins for Editor in 0.00 ms.
Unloading 4090 Unused Serialized files (Serialized files now loaded: 0)
Unloading 62 unused Assets / (1.8 MB). Loaded Objects now: 4540.
Memory consumption went from 228.0 MB to 226.2 MB.
Total: 3.849500 ms (FindLiveObjects: 0.471100 ms CreateObjectMapping: 0.344700 ms MarkObjects: 2.508100 ms  DeleteObjects: 0.524400 ms)

AssetImportParameters requested are different than current active one (requested -> active):
  custom:video-decoder-ogg-theora: a1e56fd34408186e4bbccfd4996cb3dc -> 
  custom:container-muxer-webm: aa71ff27fc2769a1b78a27578f13a17b -> 
  custom:container-demuxer-webm: 4f35f7cbe854078d1ac9338744f61a02 -> 
  custom:video-encoder-webm-vp8: eb34c28f22e8b96e1ab97ce403110664 -> 
  custom:audio-encoder-webm-vorbis: bf7c407c2cedff20999df2af8eb42d56 -> 
  custom:framework-win-MediaFoundation: 216162199b28c13a410421893ffa2e32 -> 
  custom:container-demuxer-ogg: 62fdf1f143b41e24485cea50d1cbac27 -> 
  custom:video-decoder-webm-vp8: 9c59270c3fd7afecdb556c50c9e8de78 -> 
  custom:audio-decoder-ogg-vorbis: bf7c407c2cedff20999df2af8eb42d56 -> 
========================================================================
Received Import Request.
  Time since last request: 10064.431843 seconds.
  path: Assets/Image/BackGround/Pixel Tiles pack/Background/Layer3.png
  artifactKey: Guid(85947b27c80f2f946be9345344cc6859) Importer(815301076,1909f56bfc062723c751e8b465ee728b)
Start importing Assets/Image/BackGround/Pixel Tiles pack/Background/Layer3.png using Guid(85947b27c80f2f946be9345344cc6859) Importer(815301076,1909f56bfc062723c751e8b465ee728b)  -> (artifact id: 'f945cb07a87f726b40392beeb9df6aec') in 0.178492 seconds 
========================================================================
Received Import Request.
  Time since last request: 3.218485 seconds.
  path: Assets/Resources/SPUM/SPUM_Sprites/Items/3_Pant/Foot_3.png
  artifactKey: Guid(f2e59d084bd203342badeddbe199ea5e) Importer(815301076,1909f56bfc062723c751e8b465ee728b)
Start importing Assets/Resources/SPUM/SPUM_Sprites/Items/3_Pant/Foot_3.png using Guid(f2e59d084bd203342badeddbe199ea5e) Importer(815301076,1909f56bfc062723c751e8b465ee728b)  -> (artifact id: '5d234aa2ab49b9279f178509917b43f8') in 0.042782 seconds 
========================================================================
Received Import Request.
  Time since last request: 0.449803 seconds.
  path: Assets/Image/SPUM/SPUM_Sprites/Packages/Ver300/3_Pant/New_Pant_01.png
  artifactKey: Guid(a4b630b105c514614b9ba9d9937fef5d) Importer(815301076,1909f56bfc062723c751e8b465ee728b)
Start importing Assets/Image/SPUM/SPUM_Sprites/Packages/Ver300/3_Pant/New_Pant_01.png using Guid(a4b630b105c514614b9ba9d9937fef5d) Importer(815301076,1909f56bfc062723c751e8b465ee728b)  -> (artifact id: 'c3a80ea7ece300104c4d62129a1924fd') in 0.033272 seconds 
========================================================================
Received Import Request.
  Time since last request: 0.312786 seconds.
  path: Assets/Resources/SPUM/SPUM_Sprites/Packages/Ver300/3_Pant/New_Pant_10.png
  artifactKey: Guid(9bc262ecb57762745804b21f620686ef) Importer(815301076,1909f56bfc062723c751e8b465ee728b)
Start importing Assets/Resources/SPUM/SPUM_Sprites/Packages/Ver300/3_Pant/New_Pant_10.png using Guid(9bc262ecb57762745804b21f620686ef) Importer(815301076,1909f56bfc062723c751e8b465ee728b)  -> (artifact id: '3702f75d36520ff2ab1d1e716769f41d') in 0.028464 seconds 
========================================================================
Received Import Request.
  Time since last request: 0.061067 seconds.
  path: Assets/Image/SPUM/SPUM_Sprites/Packages/Ver300/3_Pant/New_Pant_06.png
  artifactKey: Guid(c8b0805f6931f4f7f90aea6bd3b08f57) Importer(815301076,1909f56bfc062723c751e8b465ee728b)
Start importing Assets/Image/SPUM/SPUM_Sprites/Packages/Ver300/3_Pant/New_Pant_06.png using Guid(c8b0805f6931f4f7f90aea6bd3b08f57) Importer(815301076,1909f56bfc062723c751e8b465ee728b)  -> (artifact id: '54ea02de9e087f503edfd043b7910665') in 0.023564 seconds 
========================================================================
Received Import Request.
  Time since last request: 0.406551 seconds.
  path: Assets/Image/SPUM/SPUM_Sprites/Packages/Ver300/7_Back/New_Back_02.Png
  artifactKey: Guid(781fb783fec5147eabfdef1c7fdc7e6d) Importer(815301076,1909f56bfc062723c751e8b465ee728b)
Start importing Assets/Image/SPUM/SPUM_Sprites/Packages/Ver300/7_Back/New_Back_02.Png using Guid(781fb783fec5147eabfdef1c7fdc7e6d) Importer(815301076,1909f56bfc062723c751e8b465ee728b)  -> (artifact id: '2b1d06f83622c12fab21132087d08aba') in 0.052338 seconds 
========================================================================
Received Import Request.
  Time since last request: 0.033262 seconds.
  path: Assets/Image/SPUM/SPUM_Sprites/Packages/Ver300/0_Hair/New_Hair_04.png
  artifactKey: Guid(555fa4a87b6b8459ba08a841fb8e1f4b) Importer(815301076,1909f56bfc062723c751e8b465ee728b)
Start importing Assets/Image/SPUM/SPUM_Sprites/Packages/Ver300/0_Hair/New_Hair_04.png using Guid(555fa4a87b6b8459ba08a841fb8e1f4b) Importer(815301076,1909f56bfc062723c751e8b465ee728b)  -> (artifact id: 'ad31144a8ac0a12dfba3cf18756affb3') in 0.029485 seconds 
========================================================================
Received Import Request.
  Time since last request: 0.000021 seconds.
  path: Assets/Resources/SPUM/SPUM_Sprites/Packages/Ver300/0_Hair/New_Hair_05.png
  artifactKey: Guid(f6cba8e6d6837e44e82c468191ecef1b) Importer(815301076,1909f56bfc062723c751e8b465ee728b)
Start importing Assets/Resources/SPUM/SPUM_Sprites/Packages/Ver300/0_Hair/New_Hair_05.png using Guid(f6cba8e6d6837e44e82c468191ecef1b) Importer(815301076,1909f56bfc062723c751e8b465ee728b)  -> (artifact id: '3c5e122b0a6615d09e046564409d5812') in 0.024621 seconds 
========================================================================
Received Import Request.
  Time since last request: 0.044016 seconds.
  path: Assets/Image/SPUM/SPUM_Sprites/Packages/Ver300/0_Hair/New_Hair_08.png
  artifactKey: Guid(9fa181de1959b4dac921f0756f002901) Importer(815301076,1909f56bfc062723c751e8b465ee728b)
Start importing Assets/Image/SPUM/SPUM_Sprites/Packages/Ver300/0_Hair/New_Hair_08.png using Guid(9fa181de1959b4dac921f0756f002901) Importer(815301076,1909f56bfc062723c751e8b465ee728b)  -> (artifact id: '4a7524c9a234ecafde3d5f7f647e64e9') in 0.027551 seconds 
========================================================================
Received Import Request.
  Time since last request: 0.049658 seconds.
  path: Assets/Image/SPUM/SPUM_Sprites/Packages/Ver300/0_Hair/New_Hair_13.png
  artifactKey: Guid(d44027b40417a4fd88ee6ebc5e7b3ba5) Importer(815301076,1909f56bfc062723c751e8b465ee728b)
Start importing Assets/Image/SPUM/SPUM_Sprites/Packages/Ver300/0_Hair/New_Hair_13.png using Guid(d44027b40417a4fd88ee6ebc5e7b3ba5) Importer(815301076,1909f56bfc062723c751e8b465ee728b)  -> (artifact id: 'ad202dc863302368bf60f308598a7549') in 0.027003 seconds 
========================================================================
Received Import Request.
  Time since last request: 0.054316 seconds.
  path: Assets/Image/SPUM/SPUM_Sprites/Packages/Ver300/0_Hair/New_Hair_18.png
  artifactKey: Guid(a6472ecd26e224a72b9b5dc31231784b) Importer(815301076,1909f56bfc062723c751e8b465ee728b)
Start importing Assets/Image/SPUM/SPUM_Sprites/Packages/Ver300/0_Hair/New_Hair_18.png using Guid(a6472ecd26e224a72b9b5dc31231784b) Importer(815301076,1909f56bfc062723c751e8b465ee728b)  -> (artifact id: '4f4c8ccce1218ba3ebe3bf3f91f848e7') in 0.022372 seconds 
========================================================================
Received Import Request.
  Time since last request: 0.000034 seconds.
  path: Assets/Image/SPUM/SPUM_Sprites/Packages/Ver300/4_Helmet/New_Helmet_01.png
  artifactKey: Guid(3b1cdd4130bbd4ca5ac423339a8f6ec1) Importer(815301076,1909f56bfc062723c751e8b465ee728b)
Start importing Assets/Image/SPUM/SPUM_Sprites/Packages/Ver300/4_Helmet/New_Helmet_01.png using Guid(3b1cdd4130bbd4ca5ac423339a8f6ec1) Importer(815301076,1909f56bfc062723c751e8b465ee728b)  -> (artifact id: 'e1dd872bdf906f7e1e496fab258c9f46') in 0.045734 seconds 
========================================================================
Received Import Request.
  Time since last request: 0.487367 seconds.
  path: Assets/Resources/SPUM/SPUM_Sprites/Packages/Ver300/4_Helmet/New_Helmet_04.png
  artifactKey: Guid(e9add0daa6dc1fe44b6206d703aca756) Importer(815301076,1909f56bfc062723c751e8b465ee728b)
Start importing Assets/Resources/SPUM/SPUM_Sprites/Packages/Ver300/4_Helmet/New_Helmet_04.png using Guid(e9add0daa6dc1fe44b6206d703aca756) Importer(815301076,1909f56bfc062723c751e8b465ee728b)  -> (artifact id: '7b9e22fe6d40fba35f5835719ace7748') in 0.023117 seconds 
========================================================================
Received Import Request.
  Time since last request: 0.000022 seconds.
  path: Assets/Image/SPUM/SPUM_Sprites/Packages/Ver300/4_Helmet/New_Helmet_04.png
  artifactKey: Guid(ea5c4fc418c71491eb063b759868a2a1) Importer(815301076,1909f56bfc062723c751e8b465ee728b)
Start importing Assets/Image/SPUM/SPUM_Sprites/Packages/Ver300/4_Helmet/New_Helmet_04.png using Guid(ea5c4fc418c71491eb063b759868a2a1) Importer(815301076,1909f56bfc062723c751e8b465ee728b)  -> (artifact id: '14b5d30f238855cb149f465ef41c8533') in 0.027311 seconds 
========================================================================
Received Import Request.
  Time since last request: 0.000019 seconds.
  path: Assets/Resources/SPUM/SPUM_Sprites/Packages/Ver300/4_Helmet/New_Helmet_06.png
  artifactKey: Guid(eb5355d79d783514e99609838dc43414) Importer(815301076,1909f56bfc062723c751e8b465ee728b)
Start importing Assets/Resources/SPUM/SPUM_Sprites/Packages/Ver300/4_Helmet/New_Helmet_06.png using Guid(eb5355d79d783514e99609838dc43414) Importer(815301076,1909f56bfc062723c751e8b465ee728b)  -> (artifact id: '49e72b34f9af559c003098b86c8a10a5') in 0.023107 seconds 
========================================================================
Received Import Request.
  Time since last request: 0.146869 seconds.
  path: Assets/Image/SPUM/SPUM_Sprites/Packages/Ver300/4_Helmet/New_Helmet_10.png
  artifactKey: Guid(7dfd9fba81e474004986cd7f812dbe38) Importer(815301076,1909f56bfc062723c751e8b465ee728b)
Start importing Assets/Image/SPUM/SPUM_Sprites/Packages/Ver300/4_Helmet/New_Helmet_10.png using Guid(7dfd9fba81e474004986cd7f812dbe38) Importer(815301076,1909f56bfc062723c751e8b465ee728b)  -> (artifact id: '30823fa2792fcb6f371b5c88dc100345') in 0.028597 seconds 
========================================================================
Received Import Request.
  Time since last request: 0.000019 seconds.
  path: Assets/Image/SPUM/SPUM_Sprites/Packages/Ver300/6_Weapons/New_Shield_02.png
  artifactKey: Guid(e03eed09328f2413d8a7cf2a8e5d1b94) Importer(815301076,1909f56bfc062723c751e8b465ee728b)
Start importing Assets/Image/SPUM/SPUM_Sprites/Packages/Ver300/6_Weapons/New_Shield_02.png using Guid(e03eed09328f2413d8a7cf2a8e5d1b94) Importer(815301076,1909f56bfc062723c751e8b465ee728b)  -> (artifact id: '0fa70a0d8c3b8acdf4f3dcbaadc4e7e6') in 0.020855 seconds 
========================================================================
Received Import Request.
  Time since last request: 0.017903 seconds.
  path: Assets/Resources/SPUM/SPUM_Sprites/Packages/Ver300/6_Weapons/New_Shield_04.png
  artifactKey: Guid(a82c257824643b8448782e9445799d6a) Importer(815301076,1909f56bfc062723c751e8b465ee728b)
Start importing Assets/Resources/SPUM/SPUM_Sprites/Packages/Ver300/6_Weapons/New_Shield_04.png using Guid(a82c257824643b8448782e9445799d6a) Importer(815301076,1909f56bfc062723c751e8b465ee728b)  -> (artifact id: 'f7f832b8cc6dfeca7de9457deda3e6b4') in 0.027414 seconds 
========================================================================
Received Import Request.
  Time since last request: 0.000022 seconds.
  path: Assets/Resources/SPUM/SPUM_Sprites/Packages/Ver300/6_Weapons/New_Weapon_01.png
  artifactKey: Guid(c6878115d07a2394e8b699baaed47ac1) Importer(815301076,1909f56bfc062723c751e8b465ee728b)
Start importing Assets/Resources/SPUM/SPUM_Sprites/Packages/Ver300/6_Weapons/New_Weapon_01.png using Guid(c6878115d07a2394e8b699baaed47ac1) Importer(815301076,1909f56bfc062723c751e8b465ee728b)  -> (artifact id: '56921d5b37f33b4a5b4f258054fff109') in 0.044771 seconds 
========================================================================
Received Import Request.
  Time since last request: 0.249447 seconds.
  path: Assets/Resources/SPUM/SPUM_Sprites/Packages/Ver300/6_Weapons/New_Weapon_03.png
  artifactKey: Guid(da578c14cc9caa3428e7bbbbe48ec0ae) Importer(815301076,1909f56bfc062723c751e8b465ee728b)
Start importing Assets/Resources/SPUM/SPUM_Sprites/Packages/Ver300/6_Weapons/New_Weapon_03.png using Guid(da578c14cc9caa3428e7bbbbe48ec0ae) Importer(815301076,1909f56bfc062723c751e8b465ee728b)  -> (artifact id: '873fd9c50b8df1306ab37960d3887ce0') in 0.035974 seconds 
========================================================================
Received Import Request.
  Time since last request: 0.051236 seconds.
  path: Assets/Image/SPUM/SPUM_Sprites/Packages/Ver300/6_Weapons/New_Weapon_06.png
  artifactKey: Guid(27428f826bad840f9bdbc88d5dcbfa6c) Importer(815301076,1909f56bfc062723c751e8b465ee728b)
Start importing Assets/Image/SPUM/SPUM_Sprites/Packages/Ver300/6_Weapons/New_Weapon_06.png using Guid(27428f826bad840f9bdbc88d5dcbfa6c) Importer(815301076,1909f56bfc062723c751e8b465ee728b)  -> (artifact id: '0b20736d1bcc48b83d396f8ada4f3206') in 0.040423 seconds 
========================================================================
Received Import Request.
  Time since last request: 0.000043 seconds.
  path: Assets/Image/SPUM/SPUM_Sprites/Packages/Ver300/6_Weapons/New_Weapon_09.png
  artifactKey: Guid(a65be32c958034377978891516dc581d) Importer(815301076,1909f56bfc062723c751e8b465ee728b)
Start importing Assets/Image/SPUM/SPUM_Sprites/Packages/Ver300/6_Weapons/New_Weapon_09.png using Guid(a65be32c958034377978891516dc581d) Importer(815301076,1909f56bfc062723c751e8b465ee728b)  -> (artifact id: '44358f6dd501c130737daa0061d30bf2') in 0.028454 seconds 
========================================================================
Received Import Request.
  Time since last request: 0.000023 seconds.
  path: Assets/Resources/SPUM/SPUM_Sprites/Packages/Ver300/6_Weapons/New_Weapon_10.png
  artifactKey: Guid(93b3cfbcadc2a3f4880a87a61ea07e79) Importer(815301076,1909f56bfc062723c751e8b465ee728b)
Start importing Assets/Resources/SPUM/SPUM_Sprites/Packages/Ver300/6_Weapons/New_Weapon_10.png using Guid(93b3cfbcadc2a3f4880a87a61ea07e79) Importer(815301076,1909f56bfc062723c751e8b465ee728b)  -> (artifact id: '15ce6691717ad26d1cff95e05537e6b3') in 0.026198 seconds 
========================================================================
Received Import Request.
  Time since last request: 0.341214 seconds.
  path: Assets/Image/SPUM/SPUM_Sprites/Packages/Ver300/6_Weapons/New_Weapon_12.png
  artifactKey: Guid(1242d9257f164482a9504def032942ed) Importer(815301076,1909f56bfc062723c751e8b465ee728b)
Start importing Assets/Image/SPUM/SPUM_Sprites/Packages/Ver300/6_Weapons/New_Weapon_12.png using Guid(1242d9257f164482a9504def032942ed) Importer(815301076,1909f56bfc062723c751e8b465ee728b)  -> (artifact id: '02e9a05f637e2079566a9db466d6cbeb') in 0.021832 seconds 
========================================================================
Received Import Request.
  Time since last request: 0.000025 seconds.
  path: Assets/Image/SPUM/SPUM_Sprites/Packages/Ver300/6_Weapons/New_Weapon_16.png
  artifactKey: Guid(9ceba41c6fb6d463ab9ecab86706972e) Importer(815301076,1909f56bfc062723c751e8b465ee728b)
Start importing Assets/Image/SPUM/SPUM_Sprites/Packages/Ver300/6_Weapons/New_Weapon_16.png using Guid(9ceba41c6fb6d463ab9ecab86706972e) Importer(815301076,1909f56bfc062723c751e8b465ee728b)  -> (artifact id: '7c795cc76dc8931d955ecbf0bb816069') in 0.026150 seconds 
========================================================================
Received Import Request.
  Time since last request: 0.000026 seconds.
  path: Assets/Resources/SPUM/SPUM_Sprites/Packages/Ver300/6_Weapons/New_Weapon_17.png
  artifactKey: Guid(6434e5a4cb76b914c8e79a40df28d27d) Importer(815301076,1909f56bfc062723c751e8b465ee728b)
Start importing Assets/Resources/SPUM/SPUM_Sprites/Packages/Ver300/6_Weapons/New_Weapon_17.png using Guid(6434e5a4cb76b914c8e79a40df28d27d) Importer(815301076,1909f56bfc062723c751e8b465ee728b)  -> (artifact id: '4c140c78c69e8347cb3a07fe20a0ee25') in 0.026433 seconds 
========================================================================
Received Import Request.
  Time since last request: 0.000028 seconds.
  path: Assets/Image/SPUM/SPUM_Sprites/Packages/Ver300/6_Weapons/New_Weapon_19.png
  artifactKey: Guid(01c22b6d497e0484db647e3d384dfe67) Importer(815301076,1909f56bfc062723c751e8b465ee728b)
Start importing Assets/Image/SPUM/SPUM_Sprites/Packages/Ver300/6_Weapons/New_Weapon_19.png using Guid(01c22b6d497e0484db647e3d384dfe67) Importer(815301076,1909f56bfc062723c751e8b465ee728b)  -> (artifact id: 'b7cca5af5e0fdf4c73621fb9e2876b2a') in 0.025360 seconds 
========================================================================
Received Import Request.
  Time since last request: 0.000030 seconds.
  path: Assets/Resources/SPUM/SPUM_Sprites/Packages/Ver121/0_Hair/Normal_Hair2.png
  artifactKey: Guid(345da79060de30f4fb6fbdf1a831c015) Importer(815301076,1909f56bfc062723c751e8b465ee728b)
Start importing Assets/Resources/SPUM/SPUM_Sprites/Packages/Ver121/0_Hair/Normal_Hair2.png using Guid(345da79060de30f4fb6fbdf1a831c015) Importer(815301076,1909f56bfc062723c751e8b465ee728b)  -> (artifact id: 'b0dccdce2a58cd2d8bd1be967a57220a') in 0.026476 seconds 
========================================================================
Received Import Request.
  Time since last request: 0.000023 seconds.
  path: Assets/Resources/SPUM/SPUM_Sprites/Packages/Ver121/0_Hair/Normal_Hair3.png
  artifactKey: Guid(2e58e96e35608944ab5cecfc1c2918e5) Importer(815301076,1909f56bfc062723c751e8b465ee728b)
Start importing Assets/Resources/SPUM/SPUM_Sprites/Packages/Ver121/0_Hair/Normal_Hair3.png using Guid(2e58e96e35608944ab5cecfc1c2918e5) Importer(815301076,1909f56bfc062723c751e8b465ee728b)  -> (artifact id: 'bdfa8c7c1256b1bbe71bed9a5f31fc5d') in 0.032189 seconds 
========================================================================
Received Import Request.
  Time since last request: 0.000029 seconds.
  path: Assets/Image/SPUM/SPUM_Sprites/Packages/Ver300/6_Weapons/New_Weapon_13.png
  artifactKey: Guid(bb71197c3cd5f4dc09e7b129399d0048) Importer(815301076,1909f56bfc062723c751e8b465ee728b)
Start importing Assets/Image/SPUM/SPUM_Sprites/Packages/Ver300/6_Weapons/New_Weapon_13.png using Guid(bb71197c3cd5f4dc09e7b129399d0048) Importer(815301076,1909f56bfc062723c751e8b465ee728b)  -> (artifact id: '777e7ef5ff75093f3f2dd8ebab73c858') in 0.019851 seconds 
========================================================================
Received Import Request.
  Time since last request: 0.080534 seconds.
  path: Assets/Resources/SPUM/SPUM_Sprites/Packages/Ver121/0_Hair/Normal_Hair6.png
  artifactKey: Guid(240a2c6567a4e1b4e95368c083776fba) Importer(815301076,1909f56bfc062723c751e8b465ee728b)
Start importing Assets/Resources/SPUM/SPUM_Sprites/Packages/Ver121/0_Hair/Normal_Hair6.png using Guid(240a2c6567a4e1b4e95368c083776fba) Importer(815301076,1909f56bfc062723c751e8b465ee728b)  -> (artifact id: '4bd48b46d7349552700c32f857b6913c') in 0.024607 seconds 
========================================================================
Received Import Request.
  Time since last request: 0.000033 seconds.
  path: Assets/Image/SPUM/SPUM_Sprites/Packages/Ver121/0_Hair/Normal_Hair7.png
  artifactKey: Guid(3f13697fd3c8b59458928cf59fea660f) Importer(815301076,1909f56bfc062723c751e8b465ee728b)
Start importing Assets/Image/SPUM/SPUM_Sprites/Packages/Ver121/0_Hair/Normal_Hair7.png using Guid(3f13697fd3c8b59458928cf59fea660f) Importer(815301076,1909f56bfc062723c751e8b465ee728b)  -> (artifact id: '88a159ec65a47e9dbafaa2591e649faa') in 0.021126 seconds 
========================================================================
Received Import Request.
  Time since last request: 0.384433 seconds.
  path: Assets/Resources/SPUM/SPUM_Sprites/Packages/Ver121/0_Hair/Normal_Hair9.png
  artifactKey: Guid(f5e5117e77df8574d9d5a9a78fc01f09) Importer(815301076,1909f56bfc062723c751e8b465ee728b)
Start importing Assets/Resources/SPUM/SPUM_Sprites/Packages/Ver121/0_Hair/Normal_Hair9.png using Guid(f5e5117e77df8574d9d5a9a78fc01f09) Importer(815301076,1909f56bfc062723c751e8b465ee728b)  -> (artifact id: 'a6154ee51f0943dcc318628e59f40afa') in 0.034578 seconds 
========================================================================
Received Import Request.
  Time since last request: 0.000037 seconds.
  path: Assets/Resources/SPUM/SPUM_Sprites/Packages/Ver121/0_Hair/Normal_Hair13.png
  artifactKey: Guid(a0951496b477cdc43adb2825f639246f) Importer(815301076,1909f56bfc062723c751e8b465ee728b)
Start importing Assets/Resources/SPUM/SPUM_Sprites/Packages/Ver121/0_Hair/Normal_Hair13.png using Guid(a0951496b477cdc43adb2825f639246f) Importer(815301076,1909f56bfc062723c751e8b465ee728b)  -> (artifact id: '9d303ea561ed963f1bf98050e4347b01') in 0.027951 seconds 
========================================================================
Received Import Request.
  Time since last request: 0.000034 seconds.
  path: Assets/Image/BackGround/Pixel Tiles pack/Trees/PixelTree4.png
  artifactKey: Guid(af6e357fcd6c8154bae4547316f2b9fb) Importer(815301076,1909f56bfc062723c751e8b465ee728b)
Start importing Assets/Image/BackGround/Pixel Tiles pack/Trees/PixelTree4.png using Guid(af6e357fcd6c8154bae4547316f2b9fb) Importer(815301076,1909f56bfc062723c751e8b465ee728b)  -> (artifact id: '00d7fe4774a93f571d181ee3d9b22a08') in 0.030075 seconds 
========================================================================
Received Import Request.
  Time since last request: 0.000039 seconds.
  path: Assets/Image/BackGround/Pixel Tiles pack/Trees/PixelTree2.png
  artifactKey: Guid(03e70e6dd714c2f41a3c759cfa691a0b) Importer(815301076,1909f56bfc062723c751e8b465ee728b)
Start importing Assets/Image/BackGround/Pixel Tiles pack/Trees/PixelTree2.png using Guid(03e70e6dd714c2f41a3c759cfa691a0b) Importer(815301076,1909f56bfc062723c751e8b465ee728b)  -> (artifact id: '95509d87a0bf5348e15f9e43243f9285') in 0.022255 seconds 
========================================================================
Received Import Request.
  Time since last request: 0.000034 seconds.
  path: Assets/Image/BackGround/Pixel Tiles pack/Grass/PixelGrass.png
  artifactKey: Guid(de7d21b1f32c41244a2fad81993a3055) Importer(815301076,1909f56bfc062723c751e8b465ee728b)
Start importing Assets/Image/BackGround/Pixel Tiles pack/Grass/PixelGrass.png using Guid(de7d21b1f32c41244a2fad81993a3055) Importer(815301076,1909f56bfc062723c751e8b465ee728b)  -> (artifact id: '7f4fc9eed2e06121c43621c691e9c4eb') in 0.024532 seconds 
========================================================================
Received Import Request.
  Time since last request: 0.000025 seconds.
  path: Assets/Image/SPUM/SPUM_Sprites/Packages/Ver121/0_Hair/Normal_Hair9.png
  artifactKey: Guid(224141f741d494348afcb758c4be4f38) Importer(815301076,1909f56bfc062723c751e8b465ee728b)
Start importing Assets/Image/SPUM/SPUM_Sprites/Packages/Ver121/0_Hair/Normal_Hair9.png using Guid(224141f741d494348afcb758c4be4f38) Importer(815301076,1909f56bfc062723c751e8b465ee728b)  -> (artifact id: '639f76405ff041800cb2b2b9a6aef0d8') in 0.023719 seconds 
========================================================================
Received Import Request.
  Time since last request: 0.000031 seconds.
  path: Assets/Resources/SPUM/SPUM_Sprites/Packages/Ver121/0_Hair/Normal_Hair12.png
  artifactKey: Guid(d13a89d04a6d3fe4092ea8b784c324cc) Importer(815301076,1909f56bfc062723c751e8b465ee728b)
Start importing Assets/Resources/SPUM/SPUM_Sprites/Packages/Ver121/0_Hair/Normal_Hair12.png using Guid(d13a89d04a6d3fe4092ea8b784c324cc) Importer(815301076,1909f56bfc062723c751e8b465ee728b)  -> (artifact id: 'b24f6cc5e17b1054f61faa19b65468e3') in 0.025727 seconds 
========================================================================
Received Import Request.
  Time since last request: 0.000023 seconds.
  path: Assets/Image/SPUM/SPUM_Sprites/Packages/Ver121/1_FaceHair/Normal_Mustache2.png
  artifactKey: Guid(49bc72556f4e4c342a624e5bfa982742) Importer(815301076,1909f56bfc062723c751e8b465ee728b)
Start importing Assets/Image/SPUM/SPUM_Sprites/Packages/Ver121/1_FaceHair/Normal_Mustache2.png using Guid(49bc72556f4e4c342a624e5bfa982742) Importer(815301076,1909f56bfc062723c751e8b465ee728b)  -> (artifact id: '76366c6c0994593e171710f13dde175b') in 0.025602 seconds 
========================================================================
Received Import Request.
  Time since last request: 7.298467 seconds.
  path: Assets/Monsters Creatures Fantasy/Sprites/Mushroom/Run.png
  artifactKey: Guid(c6ac0078f39473048b9f54d791095f35) Importer(815301076,1909f56bfc062723c751e8b465ee728b)
Start importing Assets/Monsters Creatures Fantasy/Sprites/Mushroom/Run.png using Guid(c6ac0078f39473048b9f54d791095f35) Importer(815301076,1909f56bfc062723c751e8b465ee728b)  -> (artifact id: 'b8d21c3246f42bb9f7f7e6dc28d86048') in 0.075596 seconds 
========================================================================
Received Import Request.
  Time since last request: 4.359930 seconds.
  path: Assets/Resources/SPUM/SPUM_Sprites/Packages/Ver121/6_Weapons/SteelShield1.png
  artifactKey: Guid(006916685a9227f408a07d4dfbe00475) Importer(815301076,1909f56bfc062723c751e8b465ee728b)
Start importing Assets/Resources/SPUM/SPUM_Sprites/Packages/Ver121/6_Weapons/SteelShield1.png using Guid(006916685a9227f408a07d4dfbe00475) Importer(815301076,1909f56bfc062723c751e8b465ee728b)  -> (artifact id: '652af1692c2c983e520cdbfb501ee726') in 0.064105 seconds 
========================================================================
Received Import Request.
  Time since last request: 0.061009 seconds.
  path: Assets/Resources/SPUM/SPUM_Sprites/Items/6_Weapons/Sword_2.png
  artifactKey: Guid(dd7add1fccf03694cb4b3bc189792d97) Importer(815301076,1909f56bfc062723c751e8b465ee728b)
Start importing Assets/Resources/SPUM/SPUM_Sprites/Items/6_Weapons/Sword_2.png using Guid(dd7add1fccf03694cb4b3bc189792d97) Importer(815301076,1909f56bfc062723c751e8b465ee728b)  -> (artifact id: 'a3de87b0718594e5899a905079880b2e') in 0.018974 seconds 
========================================================================
Received Import Request.
  Time since last request: 0.000038 seconds.
  path: Assets/Resources/SPUM/SPUM_Sprites/Items/6_Weapons/Sword_4.png
  artifactKey: Guid(8954fc83f4854314e8b48555a405b0c2) Importer(815301076,1909f56bfc062723c751e8b465ee728b)
Start importing Assets/Resources/SPUM/SPUM_Sprites/Items/6_Weapons/Sword_4.png using Guid(8954fc83f4854314e8b48555a405b0c2) Importer(815301076,1909f56bfc062723c751e8b465ee728b)  -> (artifact id: '2017d550368718d0fb47fc2b742fbfa1') in 0.027263 seconds 
========================================================================
Received Import Request.
  Time since last request: 0.079527 seconds.
  path: Assets/Resources/SPUM/SPUM_Sprites/Items/6_Weapons/Sword_5.png
  artifactKey: Guid(430b6189e86247842bf7f9eb0bbdc8bc) Importer(815301076,1909f56bfc062723c751e8b465ee728b)
Start importing Assets/Resources/SPUM/SPUM_Sprites/Items/6_Weapons/Sword_5.png using Guid(430b6189e86247842bf7f9eb0bbdc8bc) Importer(815301076,1909f56bfc062723c751e8b465ee728b)  -> (artifact id: '2bd2da8fe6dc9790f29a32b9782ebdb7') in 0.021217 seconds 
========================================================================
Received Import Request.
  Time since last request: 0.000042 seconds.
  path: Assets/Image/SPUM/SPUM_Sprites/Items/6_Weapons/Sword_6.png
  artifactKey: Guid(30e47371660a44f038c174865e5af8d3) Importer(815301076,1909f56bfc062723c751e8b465ee728b)
Start importing Assets/Image/SPUM/SPUM_Sprites/Items/6_Weapons/Sword_6.png using Guid(30e47371660a44f038c174865e5af8d3) Importer(815301076,1909f56bfc062723c751e8b465ee728b)  -> (artifact id: 'd697c1cf4fe2c27e1a23aee1f6f92a6c') in 0.017948 seconds 
========================================================================
Received Import Request.
  Time since last request: 0.032275 seconds.
  path: Assets/Monsters Creatures Fantasy/Sprites/Mushroom/Take Hit.png
  artifactKey: Guid(dcdda75e148449b4283619583230b32e) Importer(815301076,1909f56bfc062723c751e8b465ee728b)
Start importing Assets/Monsters Creatures Fantasy/Sprites/Mushroom/Take Hit.png using Guid(dcdda75e148449b4283619583230b32e) Importer(815301076,1909f56bfc062723c751e8b465ee728b)  -> (artifact id: 'df782f227dd4b19c85c2eff2067a5ca3') in 0.038057 seconds 
========================================================================
Received Import Request.
  Time since last request: 1.819277 seconds.
  path: Assets/Resources/SPUM/SPUM_Sprites/Packages/Ver121/6_Weapons/WoodShield1.png
  artifactKey: Guid(3c1adfa1729272148ba4aa2bf6f0652c) Importer(815301076,1909f56bfc062723c751e8b465ee728b)
Start importing Assets/Resources/SPUM/SPUM_Sprites/Packages/Ver121/6_Weapons/WoodShield1.png using Guid(3c1adfa1729272148ba4aa2bf6f0652c) Importer(815301076,1909f56bfc062723c751e8b465ee728b)  -> (artifact id: '82022248180bec06615121750bcf6a05') in 0.023237 seconds 
========================================================================
Received Import Request.
  Time since last request: 0.047980 seconds.
  path: Assets/Resources/SPUM/SPUM_Sprites/Packages/Ver121/6_Weapons/WoodShield4.png
  artifactKey: Guid(1a6fb4e36643d084bb8dfd948ff2387f) Importer(815301076,1909f56bfc062723c751e8b465ee728b)
Start importing Assets/Resources/SPUM/SPUM_Sprites/Packages/Ver121/6_Weapons/WoodShield4.png using Guid(1a6fb4e36643d084bb8dfd948ff2387f) Importer(815301076,1909f56bfc062723c751e8b465ee728b)  -> (artifact id: '60e27f285ad9984cfde406b2e5f94bf6') in 0.056986 seconds 
